[2017-03-18 09:03:06] kloudspeaker.DEBUG: Filesystem registered: local [] []
[2017-03-18 09:03:06] kloudspeaker.DEBUG: EVENT HANDLER: registering 'filesystem/': FilesystemController [] []
[2017-03-18 09:03:06] kloudspeaker.DEBUG: EVENT HANDLER: registering 'filesystem/': ShareHandler [] []
[2017-03-18 09:03:06] kloudspeaker.DEBUG: EVENT HANDLER: registering 'filesystem/': ItemCollectionHandler [] []
[2017-03-18 09:03:06] kloudspeaker.DEBUG: EVENT HANDLER: registering 'user/': ItemCollectionHandler [] []
[2017-03-18 09:03:06] kloudspeaker.DEBUG: EVENT HANDLER: registering '*': NotificatorHandler [] []
[2017-03-18 09:03:06] kloudspeaker.DEBUG: EVENT HANDLER: registering '*': EventLogger [] []
[2017-03-18 09:03:06] kloudspeaker.DEBUG: EVENT HANDLER: registering 'filesystem/delete': HistoryManager [] []
[2017-03-18 09:03:06] kloudspeaker.DEBUG: EVENT HANDLER: registering 'filesystem/': QuotaManager [] []
[2017-03-18 09:03:06] kloudspeaker.DEBUG: EVENT HANDLER: registering 'registration/user_folder_created': QuotaManager [] []
[2017-03-18 09:03:06] kloudspeaker.DEBUG: EVENT HANDLER: registering 'filesystem/': DownloadQuotaManager [] []
[2017-03-18 09:03:06] kloudspeaker.DEBUG: EVENT HANDLER: registering 'user/remove-user': DownloadQuotaManager [] []
[2017-03-18 09:03:06] kloudspeaker.DEBUG: EVENT HANDLER: registering 'folder/remove-folder': DownloadQuotaManager [] []
[2017-03-18 09:03:06] kloudspeaker.DEBUG: EVENT HANDLER: registering 'filesystem/upload': MyPlugin [] []
[2017-03-18 09:03:06] kloudspeaker.DEBUG: EVENT HANDLER: registering 'filesystem/': ShareHandler [] []
[2017-03-18 09:03:06] kloudspeaker.DEBUG: EVENT HANDLER: registering 'filesystem/': ItemCollectionHandler [] []
[2017-03-18 09:03:06] kloudspeaker.DEBUG: EVENT HANDLER: registering 'user/': ItemCollectionHandler [] []
[2017-03-18 09:03:06] kloudspeaker.DEBUG: EVENT HANDLER: registering '*': NotificatorHandler [] []
[2017-03-18 09:03:06] kloudspeaker.DEBUG: EVENT HANDLER: registering '*': EventLogger [] []
[2017-03-18 09:03:06] kloudspeaker.DEBUG: EVENT HANDLER: registering 'filesystem/delete': HistoryManager [] []
[2017-03-18 09:03:06] kloudspeaker.DEBUG: EVENT HANDLER: registering 'filesystem/': QuotaManager [] []
[2017-03-18 09:03:06] kloudspeaker.DEBUG: EVENT HANDLER: registering 'registration/user_folder_created': QuotaManager [] []
[2017-03-18 09:03:06] kloudspeaker.DEBUG: EVENT HANDLER: registering 'filesystem/': DownloadQuotaManager [] []
[2017-03-18 09:03:06] kloudspeaker.DEBUG: EVENT HANDLER: registering 'user/remove-user': DownloadQuotaManager [] []
[2017-03-18 09:03:06] kloudspeaker.DEBUG: EVENT HANDLER: registering 'folder/remove-folder': DownloadQuotaManager [] []
[2017-03-18 09:03:06] kloudspeaker.DEBUG: EVENT HANDLER: registering 'filesystem/upload': MyPlugin [] []
[2017-03-18 09:03:06] kloudspeaker.DEBUG: Session init 158be5ba2e36e7 [] []
[2017-03-18 09:03:06] kloudspeaker.DEBUG: DB prepared statement: {"query":"SELECT id, user_id, ip, time, last_access FROM session WHERE (id = ?)","bound":[{"field":"id","key":"id:0"}],"values":{"id:0":"158be5ba2e36e7"},"types":{"last_access":"datetime","time":"datetime"}} []
[2017-03-18 09:03:06] kloudspeaker.DEBUG: Session  {"id":"158be5ba2e36e7","0":"158be5ba2e36e7","user_id":"1","1":"1","ip":null,"2":null,"time":1488435180,"3":"2017-03-02 08:13:00","last_access":1489820528,"4":"2017-03-18 09:02:08"} []
[2017-03-18 09:03:06] kloudspeaker.DEBUG: DB prepared statement: {"query":"SELECT id, name, lower(user_type) as user_type, lower(lang) as lang, email, lower(user_auth.type) as auth, expiration FROM user LEFT OUTER JOIN user_auth on user.id = user_auth.user_id WHERE (is_group = ? AND id = ?) AND (expiration > ? OR expiration is null)","bound":[{"field":"is_group","key":"is_group:0"},{"field":"id","key":"id:1"},{"field":"expiration","key":"expiration:3"}],"values":{"is_group:0":0,"id:1":"1","expiration:2":1489820586,"expiration:3":1489820586},"types":{"expiration":"datetime_internal","is_group":1}} []
[2017-03-18 09:03:06] kloudspeaker.DEBUG: User  {"id":"1","0":"1","name":"admin","1":"admin","user_type":"a","2":"a","lang":"en","3":"en","email":"admin","4":"admin","auth":null,"5":null,"expiration":null,"6":null} []
[2017-03-18 09:03:06] kloudspeaker.DEBUG: DB prepared statement: {"query":"UPDATE session SET last_access = ? WHERE (id = ?)","bound":[{"field":"last_access","key":"last_access:1"},{"field":"id","key":"id:0"}],"values":{"id:0":"158be5ba2e36e7","last_access:1":1489820586},"types":{"last_access":"datetime","time":"datetime"}} []
[2017-03-18 09:03:06] kloudspeaker.DEBUG: http://localhost:8888/kloudspeaker/dev/api/:http://localhost:8888/kloudspeaker/dev/api/filesystem/558af4f3c0c31/details/ [] []
[2017-03-18 09:03:06] kloudspeaker.DEBUG: SERVICE (FilesystemServices) [] []
[2017-03-18 09:03:06] kloudspeaker.DEBUG: DB query {"query":"select path from item_id where id='558af4f3c0c31'"} []
[2017-03-18 09:03:06] kloudspeaker.DEBUG: DB query {"query":"SELECT id, type, name, path FROM folder where id='1'"} []
[2017-03-18 09:03:06] kloudspeaker.DEBUG: DB query {"query":"select id from item_id where path='1:/'"} []
[2017-03-18 09:03:06] kloudspeaker.DEBUG: DB query {"query":"select id from item_id where path='1:/Catalog.pdf'"} []
[2017-03-18 09:03:06] kloudspeaker.DEBUG: DB query {"query":"SELECT md_key, md_value FROM metadata WHERE item_id = '558af4f3c0c31'"} []
[2017-03-18 09:03:06] kloudspeaker.DEBUG: DB query {"query":"select distinct item_id, user_id from share where item_id = '558af4f3c0c31' group by item_id"} []
[2017-03-18 09:03:06] kloudspeaker.ERROR: PHP Error {"error":"[object] (Error(code: 0): Call to undefined method LegacySession::getSessionInfo() at /Users/cambba/projects/kloudspeaker/backend/plugin/FileViewerEditor/FileViewerEditorController.class.php:248)"} []
