[2017-05-01 18:02:23] kloudspeaker-cli.INFO: Kloudspeaker CLI [] []
[2017-05-01 18:02:23] kloudspeaker-cli.INFO: {version:3.0-dev, revision:3000} [] []
[2017-05-01 18:02:23] kloudspeaker-cli.INFO: Error: Call to undefined method Closure::debug() [] []
[2017-05-01 18:02:23] kloudspeaker-cli.INFO: {0:{function:exception, class:Kloudspeaker\ErrorHandler, object:Kloudspeaker\ErrorHandler, type:->, args:{0:Error: Call to undefined method Closure::debug() in /Users/cambba/projects/kloudspeaker/api/Kloudspeaker/legacy/Logging.php:36 Stack trace: #0 /Users/cambba/projects/kloudspeaker/backend/include/filesystem/FilesystemController.class.php(210): Logging::logDebug('Filesystem regi...') #1 /Users/cambba/projects/kloudspeaker/backend/include/filesystem/FilesystemController.class.php(64): FilesystemController->registerFilesystem('local', Object(LocalFilesystemFactory)) #2 /Users/cambba/projects/kloudspeaker/api/Kloudspeaker/legacy/Legacy.php(97): FilesystemController->initialize() #3 /Users/cambba/projects/kloudspeaker/api/Kloudspeaker/legacy/Legacy.php(41): LegacyEnvironment->__construct(Object(Slim\Container)) #4 /Users/cambba/projects/kloudspeaker/api/Kloudspeaker/Api.php(174): KloudspeakerLegacy->initialize(Object(Kloudspeaker\Api)) #5 /Users/cambba/projects/kloudspeaker/cli.php(76): Kloudspeaker\Api->initialize(Object(KloudspeakerLegacy), Array) #6 {main}}}} [] []
[2017-05-01 18:05:21] kloudspeaker-cli.INFO: Kloudspeaker CLI [] []
[2017-05-01 18:05:21] kloudspeaker-cli.INFO: {version:3.0-dev, revision:3000} [] []
[2017-05-01 18:05:21] kloudspeaker-cli.DEBUG: Filesystem registered: local [] []
[2017-05-01 18:05:21] kloudspeaker-cli.DEBUG: EVENT HANDLER: registering 'filesystem/': FilesystemController [] []
[2017-05-01 18:05:21] kloudspeaker-cli.DEBUG: EVENT HANDLER: registering 'filesystem/': CommentHandler [] []
[2017-05-01 18:05:21] kloudspeaker-cli.DEBUG: EVENT HANDLER: registering 'filesystem/': ShareHandler [] []
[2017-05-01 18:05:21] kloudspeaker-cli.DEBUG: EVENT HANDLER: registering 'filesystem/': ItemCollectionHandler [] []
[2017-05-01 18:05:21] kloudspeaker-cli.DEBUG: EVENT HANDLER: registering 'user/': ItemCollectionHandler [] []
[2017-05-01 18:05:21] kloudspeaker-cli.DEBUG: EVENT HANDLER: registering '*': NotificatorHandler [] []
[2017-05-01 18:05:21] kloudspeaker-cli.DEBUG: EVENT HANDLER: registering '*': EventLogger [] []
[2017-05-01 18:05:21] kloudspeaker-cli.DEBUG: EVENT HANDLER: registering 'filesystem/delete': HistoryManager [] []
[2017-05-01 18:05:21] kloudspeaker-cli.DEBUG: EVENT HANDLER: registering 'filesystem/': QuotaManager [] []
[2017-05-01 18:05:21] kloudspeaker-cli.DEBUG: EVENT HANDLER: registering 'registration/user_folder_created': QuotaManager [] []
[2017-05-01 18:05:21] kloudspeaker-cli.DEBUG: EVENT HANDLER: registering 'filesystem/': DownloadQuotaManager [] []
[2017-05-01 18:05:21] kloudspeaker-cli.DEBUG: EVENT HANDLER: registering 'user/remove-user': DownloadQuotaManager [] []
[2017-05-01 18:05:21] kloudspeaker-cli.DEBUG: EVENT HANDLER: registering 'folder/remove-folder': DownloadQuotaManager [] []
[2017-05-01 18:05:21] kloudspeaker-cli.DEBUG: EVENT HANDLER: registering 'filesystem/upload': MyPlugin [] []
[2017-05-01 18:05:21] kloudspeaker-cli.DEBUG: EVENT HANDLER: registering 'filesystem/': CommentHandler [] []
[2017-05-01 18:05:21] kloudspeaker-cli.DEBUG: EVENT HANDLER: registering 'filesystem/': ShareHandler [] []
[2017-05-01 18:05:21] kloudspeaker-cli.DEBUG: EVENT HANDLER: registering 'filesystem/': ItemCollectionHandler [] []
[2017-05-01 18:05:21] kloudspeaker-cli.DEBUG: EVENT HANDLER: registering 'user/': ItemCollectionHandler [] []
[2017-05-01 18:05:21] kloudspeaker-cli.DEBUG: EVENT HANDLER: registering '*': NotificatorHandler [] []
[2017-05-01 18:05:21] kloudspeaker-cli.DEBUG: EVENT HANDLER: registering '*': EventLogger [] []
[2017-05-01 18:05:21] kloudspeaker-cli.DEBUG: EVENT HANDLER: registering 'filesystem/delete': HistoryManager [] []
[2017-05-01 18:05:21] kloudspeaker-cli.DEBUG: EVENT HANDLER: registering 'filesystem/': QuotaManager [] []
[2017-05-01 18:05:21] kloudspeaker-cli.DEBUG: EVENT HANDLER: registering 'registration/user_folder_created': QuotaManager [] []
[2017-05-01 18:05:21] kloudspeaker-cli.DEBUG: EVENT HANDLER: registering 'filesystem/': DownloadQuotaManager [] []
[2017-05-01 18:05:21] kloudspeaker-cli.DEBUG: EVENT HANDLER: registering 'user/remove-user': DownloadQuotaManager [] []
[2017-05-01 18:05:21] kloudspeaker-cli.DEBUG: EVENT HANDLER: registering 'folder/remove-folder': DownloadQuotaManager [] []
[2017-05-01 18:05:21] kloudspeaker-cli.DEBUG: EVENT HANDLER: registering 'filesystem/upload': MyPlugin [] []
[2017-05-01 18:05:21] kloudspeaker-cli.DEBUG: =>{commands:{0:install, 1:a}, options:{}, flags:{}, arguments:{}} [] []
[2017-05-01 18:05:21] kloudspeaker-cli.INFO: Command [install] [] []
[2017-05-01 18:05:21] kloudspeaker-cli.INFO: INSTALLER [] []
[2017-05-01 18:05:21] kloudspeaker-cli.INFO: Checking database configuration... [] []
[2017-05-01 18:05:21] kloudspeaker-cli.INFO: Checking database connection... [] []
[2017-05-01 18:05:21] kloudspeaker-cli.INFO: Checking database tables... [] []
[2017-05-01 18:05:21] kloudspeaker-cli.INFO: Error: Call to undefined method Kloudspeaker\Database\Database::tableExists() [] []
[2017-05-01 18:05:21] kloudspeaker-cli.INFO: {0:{function:exception, class:Kloudspeaker\ErrorHandler, object:Kloudspeaker\ErrorHandler, type:->, args:{0:Error: Call to undefined method Kloudspeaker\Database\Database::tableExists() in /Users/cambba/projects/kloudspeaker/api/Setup/Installer.php:35 Stack trace: #0 [internal function]: Kloudspeaker\Setup\Installer->doInstall(Array, Object(Closure)) #1 /Users/cambba/projects/kloudspeaker/api/Kloudspeaker/Command/CommandManager.php(32): call_user_func_array(Array, Array) #2 /Users/cambba/projects/kloudspeaker/cli.php(105): Kloudspeaker\Command\CommandManager->execute('install', Array, Object(Closure)) #3 {main}}}} [] []
[2017-05-01 18:09:00] kloudspeaker-cli.INFO: Kloudspeaker CLI [] []
[2017-05-01 18:09:00] kloudspeaker-cli.INFO: {version:3.0-dev, revision:3000} [] []
[2017-05-01 18:09:00] kloudspeaker-cli.DEBUG: Filesystem registered: local [] []
[2017-05-01 18:09:00] kloudspeaker-cli.DEBUG: EVENT HANDLER: registering 'filesystem/': FilesystemController [] []
[2017-05-01 18:09:00] kloudspeaker-cli.DEBUG: EVENT HANDLER: registering 'filesystem/': CommentHandler [] []
[2017-05-01 18:09:00] kloudspeaker-cli.DEBUG: EVENT HANDLER: registering 'filesystem/': ShareHandler [] []
[2017-05-01 18:09:00] kloudspeaker-cli.DEBUG: EVENT HANDLER: registering 'filesystem/': ItemCollectionHandler [] []
[2017-05-01 18:09:00] kloudspeaker-cli.DEBUG: EVENT HANDLER: registering 'user/': ItemCollectionHandler [] []
[2017-05-01 18:09:00] kloudspeaker-cli.DEBUG: EVENT HANDLER: registering '*': NotificatorHandler [] []
[2017-05-01 18:09:00] kloudspeaker-cli.DEBUG: EVENT HANDLER: registering '*': EventLogger [] []
[2017-05-01 18:09:00] kloudspeaker-cli.DEBUG: EVENT HANDLER: registering 'filesystem/delete': HistoryManager [] []
[2017-05-01 18:09:00] kloudspeaker-cli.DEBUG: EVENT HANDLER: registering 'filesystem/': QuotaManager [] []
[2017-05-01 18:09:00] kloudspeaker-cli.DEBUG: EVENT HANDLER: registering 'registration/user_folder_created': QuotaManager [] []
[2017-05-01 18:09:00] kloudspeaker-cli.DEBUG: EVENT HANDLER: registering 'filesystem/': DownloadQuotaManager [] []
[2017-05-01 18:09:00] kloudspeaker-cli.DEBUG: EVENT HANDLER: registering 'user/remove-user': DownloadQuotaManager [] []
[2017-05-01 18:09:00] kloudspeaker-cli.DEBUG: EVENT HANDLER: registering 'folder/remove-folder': DownloadQuotaManager [] []
[2017-05-01 18:09:00] kloudspeaker-cli.DEBUG: EVENT HANDLER: registering 'filesystem/upload': MyPlugin [] []
[2017-05-01 18:09:00] kloudspeaker-cli.DEBUG: EVENT HANDLER: registering 'filesystem/': CommentHandler [] []
[2017-05-01 18:09:00] kloudspeaker-cli.DEBUG: EVENT HANDLER: registering 'filesystem/': ShareHandler [] []
[2017-05-01 18:09:00] kloudspeaker-cli.DEBUG: EVENT HANDLER: registering 'filesystem/': ItemCollectionHandler [] []
[2017-05-01 18:09:00] kloudspeaker-cli.DEBUG: EVENT HANDLER: registering 'user/': ItemCollectionHandler [] []
[2017-05-01 18:09:00] kloudspeaker-cli.DEBUG: EVENT HANDLER: registering '*': NotificatorHandler [] []
[2017-05-01 18:09:00] kloudspeaker-cli.DEBUG: EVENT HANDLER: registering '*': EventLogger [] []
[2017-05-01 18:09:00] kloudspeaker-cli.DEBUG: EVENT HANDLER: registering 'filesystem/delete': HistoryManager [] []
[2017-05-01 18:09:00] kloudspeaker-cli.DEBUG: EVENT HANDLER: registering 'filesystem/': QuotaManager [] []
[2017-05-01 18:09:00] kloudspeaker-cli.DEBUG: EVENT HANDLER: registering 'registration/user_folder_created': QuotaManager [] []
[2017-05-01 18:09:00] kloudspeaker-cli.DEBUG: EVENT HANDLER: registering 'filesystem/': DownloadQuotaManager [] []
[2017-05-01 18:09:00] kloudspeaker-cli.DEBUG: EVENT HANDLER: registering 'user/remove-user': DownloadQuotaManager [] []
[2017-05-01 18:09:00] kloudspeaker-cli.DEBUG: EVENT HANDLER: registering 'folder/remove-folder': DownloadQuotaManager [] []
[2017-05-01 18:09:00] kloudspeaker-cli.DEBUG: EVENT HANDLER: registering 'filesystem/upload': MyPlugin [] []
[2017-05-01 18:09:00] kloudspeaker-cli.DEBUG: =>{commands:{0:install, 1:a}, options:{}, flags:{}, arguments:{}} [] []
[2017-05-01 18:09:00] kloudspeaker-cli.INFO: Command [install] [] []
[2017-05-01 18:09:00] kloudspeaker-cli.INFO: INSTALLER [] []
[2017-05-01 18:09:00] kloudspeaker-cli.INFO: Checking database configuration... [] []
[2017-05-01 18:09:00] kloudspeaker-cli.INFO: Checking database connection... [] []
[2017-05-01 18:09:00] kloudspeaker-cli.INFO: Checking database tables... [] []
[2017-05-01 18:09:00] kloudspeaker-cli.INFO: Error: Call to undefined method Kloudspeaker\Database\Database::tableExists() [] []
[2017-05-01 18:09:00] kloudspeaker-cli.INFO: {0:{function:exception, class:Kloudspeaker\ErrorHandler, object:Kloudspeaker\ErrorHandler, type:->, args:{0:Error: Call to undefined method Kloudspeaker\Database\Database::tableExists() in /Users/cambba/projects/kloudspeaker/api/Setup/Installer.php:35 Stack trace: #0 [internal function]: Kloudspeaker\Setup\Installer->doInstall(Array, Object(Closure)) #1 /Users/cambba/projects/kloudspeaker/api/Kloudspeaker/Command/CommandManager.php(32): call_user_func_array(Array, Array) #2 /Users/cambba/projects/kloudspeaker/cli.php(105): Kloudspeaker\Command\CommandManager->execute('install', Array, Object(Closure)) #3 {main}}}} [] []
[2017-05-01 18:46:34] kloudspeaker-cli.INFO: Kloudspeaker CLI [] []
[2017-05-01 18:46:34] kloudspeaker-cli.INFO: {version:3.0-dev, revision:3000} [] []
[2017-05-01 18:46:34] kloudspeaker-cli.DEBUG: Filesystem registered: local [] []
[2017-05-01 18:46:34] kloudspeaker-cli.DEBUG: EVENT HANDLER: registering 'filesystem/': FilesystemController [] []
[2017-05-01 18:46:34] kloudspeaker-cli.DEBUG: EVENT HANDLER: registering 'filesystem/': CommentHandler [] []
[2017-05-01 18:46:34] kloudspeaker-cli.DEBUG: EVENT HANDLER: registering 'filesystem/': ShareHandler [] []
[2017-05-01 18:46:34] kloudspeaker-cli.DEBUG: EVENT HANDLER: registering 'filesystem/': ItemCollectionHandler [] []
[2017-05-01 18:46:34] kloudspeaker-cli.DEBUG: EVENT HANDLER: registering 'user/': ItemCollectionHandler [] []
[2017-05-01 18:46:34] kloudspeaker-cli.DEBUG: EVENT HANDLER: registering '*': NotificatorHandler [] []
[2017-05-01 18:46:34] kloudspeaker-cli.DEBUG: EVENT HANDLER: registering '*': EventLogger [] []
[2017-05-01 18:46:34] kloudspeaker-cli.DEBUG: EVENT HANDLER: registering 'filesystem/delete': HistoryManager [] []
[2017-05-01 18:46:34] kloudspeaker-cli.DEBUG: EVENT HANDLER: registering 'filesystem/': QuotaManager [] []
[2017-05-01 18:46:34] kloudspeaker-cli.DEBUG: EVENT HANDLER: registering 'registration/user_folder_created': QuotaManager [] []
[2017-05-01 18:46:34] kloudspeaker-cli.DEBUG: EVENT HANDLER: registering 'filesystem/': DownloadQuotaManager [] []
[2017-05-01 18:46:34] kloudspeaker-cli.DEBUG: EVENT HANDLER: registering 'user/remove-user': DownloadQuotaManager [] []
[2017-05-01 18:46:34] kloudspeaker-cli.DEBUG: EVENT HANDLER: registering 'folder/remove-folder': DownloadQuotaManager [] []
[2017-05-01 18:46:34] kloudspeaker-cli.DEBUG: EVENT HANDLER: registering 'filesystem/upload': MyPlugin [] []
[2017-05-01 18:46:34] kloudspeaker-cli.DEBUG: EVENT HANDLER: registering 'filesystem/': CommentHandler [] []
[2017-05-01 18:46:34] kloudspeaker-cli.DEBUG: EVENT HANDLER: registering 'filesystem/': ShareHandler [] []
[2017-05-01 18:46:34] kloudspeaker-cli.DEBUG: EVENT HANDLER: registering 'filesystem/': ItemCollectionHandler [] []
[2017-05-01 18:46:34] kloudspeaker-cli.DEBUG: EVENT HANDLER: registering 'user/': ItemCollectionHandler [] []
[2017-05-01 18:46:34] kloudspeaker-cli.DEBUG: EVENT HANDLER: registering '*': NotificatorHandler [] []
[2017-05-01 18:46:34] kloudspeaker-cli.DEBUG: EVENT HANDLER: registering '*': EventLogger [] []
[2017-05-01 18:46:34] kloudspeaker-cli.DEBUG: EVENT HANDLER: registering 'filesystem/delete': HistoryManager [] []
[2017-05-01 18:46:34] kloudspeaker-cli.DEBUG: EVENT HANDLER: registering 'filesystem/': QuotaManager [] []
[2017-05-01 18:46:34] kloudspeaker-cli.DEBUG: EVENT HANDLER: registering 'registration/user_folder_created': QuotaManager [] []
[2017-05-01 18:46:34] kloudspeaker-cli.DEBUG: EVENT HANDLER: registering 'filesystem/': DownloadQuotaManager [] []
[2017-05-01 18:46:34] kloudspeaker-cli.DEBUG: EVENT HANDLER: registering 'user/remove-user': DownloadQuotaManager [] []
[2017-05-01 18:46:34] kloudspeaker-cli.DEBUG: EVENT HANDLER: registering 'folder/remove-folder': DownloadQuotaManager [] []
[2017-05-01 18:46:34] kloudspeaker-cli.DEBUG: EVENT HANDLER: registering 'filesystem/upload': MyPlugin [] []
[2017-05-01 18:46:34] kloudspeaker-cli.DEBUG: =>{commands:{0:install, 1:a}, options:{}, flags:{}, arguments:{}} [] []
[2017-05-01 18:46:34] kloudspeaker-cli.INFO: Command [install] [] []
[2017-05-01 18:46:34] kloudspeaker-cli.INFO: INSTALLER [] []
[2017-05-01 18:46:34] kloudspeaker-cli.INFO: Checking database configuration... [] []
[2017-05-01 18:46:34] kloudspeaker-cli.INFO: Checking database connection... [] []
[2017-05-01 18:46:34] kloudspeaker-cli.INFO: Checking database tables... [] []
[2017-05-01 18:46:34] kloudspeaker-cli.INFO: Error: Call to undefined method Kloudspeaker\Database\Database::tableExists() [] []
[2017-05-01 18:46:34] kloudspeaker-cli.INFO: {0:{function:exception, class:Kloudspeaker\ErrorHandler, object:Kloudspeaker\ErrorHandler, type:->, args:{0:Error: Call to undefined method Kloudspeaker\Database\Database::tableExists() in /Users/cambba/projects/kloudspeaker/api/Setup/Installer.php:36 Stack trace: #0 [internal function]: Kloudspeaker\Setup\Installer->doInstall(Array) #1 /Users/cambba/projects/kloudspeaker/api/Kloudspeaker/Command/CommandManager.php(32): call_user_func_array(Array, Array) #2 /Users/cambba/projects/kloudspeaker/cli.php(105): Kloudspeaker\Command\CommandManager->execute('install', Array, Object(Closure)) #3 {main}}}} [] []
[2017-05-01 18:48:24] kloudspeaker-cli.INFO: Kloudspeaker CLI [] []
[2017-05-01 18:48:24] kloudspeaker-cli.INFO: {version:3.0-dev, revision:3000} [] []
[2017-05-01 18:48:24] kloudspeaker-cli.DEBUG: Filesystem registered: local [] []
[2017-05-01 18:48:24] kloudspeaker-cli.DEBUG: EVENT HANDLER: registering 'filesystem/': FilesystemController [] []
[2017-05-01 18:48:24] kloudspeaker-cli.DEBUG: EVENT HANDLER: registering 'filesystem/': CommentHandler [] []
[2017-05-01 18:48:24] kloudspeaker-cli.DEBUG: EVENT HANDLER: registering 'filesystem/': ShareHandler [] []
[2017-05-01 18:48:24] kloudspeaker-cli.DEBUG: EVENT HANDLER: registering 'filesystem/': ItemCollectionHandler [] []
[2017-05-01 18:48:24] kloudspeaker-cli.DEBUG: EVENT HANDLER: registering 'user/': ItemCollectionHandler [] []
[2017-05-01 18:48:24] kloudspeaker-cli.DEBUG: EVENT HANDLER: registering '*': NotificatorHandler [] []
[2017-05-01 18:48:24] kloudspeaker-cli.DEBUG: EVENT HANDLER: registering '*': EventLogger [] []
[2017-05-01 18:48:24] kloudspeaker-cli.DEBUG: EVENT HANDLER: registering 'filesystem/delete': HistoryManager [] []
[2017-05-01 18:48:24] kloudspeaker-cli.DEBUG: EVENT HANDLER: registering 'filesystem/': QuotaManager [] []
[2017-05-01 18:48:24] kloudspeaker-cli.DEBUG: EVENT HANDLER: registering 'registration/user_folder_created': QuotaManager [] []
[2017-05-01 18:48:24] kloudspeaker-cli.DEBUG: EVENT HANDLER: registering 'filesystem/': DownloadQuotaManager [] []
[2017-05-01 18:48:24] kloudspeaker-cli.DEBUG: EVENT HANDLER: registering 'user/remove-user': DownloadQuotaManager [] []
[2017-05-01 18:48:24] kloudspeaker-cli.DEBUG: EVENT HANDLER: registering 'folder/remove-folder': DownloadQuotaManager [] []
[2017-05-01 18:48:24] kloudspeaker-cli.DEBUG: EVENT HANDLER: registering 'filesystem/upload': MyPlugin [] []
[2017-05-01 18:48:24] kloudspeaker-cli.DEBUG: EVENT HANDLER: registering 'filesystem/': CommentHandler [] []
[2017-05-01 18:48:24] kloudspeaker-cli.DEBUG: EVENT HANDLER: registering 'filesystem/': ShareHandler [] []
[2017-05-01 18:48:24] kloudspeaker-cli.DEBUG: EVENT HANDLER: registering 'filesystem/': ItemCollectionHandler [] []
[2017-05-01 18:48:24] kloudspeaker-cli.DEBUG: EVENT HANDLER: registering 'user/': ItemCollectionHandler [] []
[2017-05-01 18:48:24] kloudspeaker-cli.DEBUG: EVENT HANDLER: registering '*': NotificatorHandler [] []
[2017-05-01 18:48:24] kloudspeaker-cli.DEBUG: EVENT HANDLER: registering '*': EventLogger [] []
[2017-05-01 18:48:24] kloudspeaker-cli.DEBUG: EVENT HANDLER: registering 'filesystem/delete': HistoryManager [] []
[2017-05-01 18:48:24] kloudspeaker-cli.DEBUG: EVENT HANDLER: registering 'filesystem/': QuotaManager [] []
[2017-05-01 18:48:24] kloudspeaker-cli.DEBUG: EVENT HANDLER: registering 'registration/user_folder_created': QuotaManager [] []
[2017-05-01 18:48:24] kloudspeaker-cli.DEBUG: EVENT HANDLER: registering 'filesystem/': DownloadQuotaManager [] []
[2017-05-01 18:48:24] kloudspeaker-cli.DEBUG: EVENT HANDLER: registering 'user/remove-user': DownloadQuotaManager [] []
[2017-05-01 18:48:24] kloudspeaker-cli.DEBUG: EVENT HANDLER: registering 'folder/remove-folder': DownloadQuotaManager [] []
[2017-05-01 18:48:24] kloudspeaker-cli.DEBUG: EVENT HANDLER: registering 'filesystem/upload': MyPlugin [] []
[2017-05-01 18:48:24] kloudspeaker-cli.DEBUG: =>{commands:{0:install, 1:a}, options:{}, flags:{}, arguments:{}} [] []
[2017-05-01 18:48:24] kloudspeaker-cli.INFO: Command [install] [] []
[2017-05-01 18:48:24] kloudspeaker-cli.INFO: INSTALLER [] []
[2017-05-01 18:48:24] kloudspeaker-cli.INFO: Checking database configuration... [] []
[2017-05-01 18:48:24] kloudspeaker-cli.INFO: Checking database connection... [] []
[2017-05-01 18:48:24] kloudspeaker-cli.INFO: Checking database tables... [] []
[2017-05-01 18:48:24] kloudspeaker-cli.INFO: Old installation exists, checking version [] []
[2017-05-01 18:48:24] kloudspeaker-cli.DEBUG: DB prepared statement: {"query":"SELECT name, value FROM parameter WHERE (name = ?)","bound":[{"field":"name","key":"name:0"}],"values":{"name:0":"database"},"types":[]} []
[2017-05-01 18:48:24] kloudspeaker-cli.INFO: Installed version:  [] []
[2017-05-01 18:48:24] kloudspeaker-cli.INFO: Result [1] [] []
[2017-05-01 18:48:50] kloudspeaker-cli.INFO: Kloudspeaker CLI [] []
[2017-05-01 18:48:50] kloudspeaker-cli.INFO: {version:3.0-dev, revision:3000} [] []
[2017-05-01 18:48:50] kloudspeaker-cli.DEBUG: Filesystem registered: local [] []
[2017-05-01 18:48:50] kloudspeaker-cli.DEBUG: EVENT HANDLER: registering 'filesystem/': FilesystemController [] []
[2017-05-01 18:48:50] kloudspeaker-cli.DEBUG: EVENT HANDLER: registering 'filesystem/': CommentHandler [] []
[2017-05-01 18:48:50] kloudspeaker-cli.DEBUG: EVENT HANDLER: registering 'filesystem/': ShareHandler [] []
[2017-05-01 18:48:50] kloudspeaker-cli.DEBUG: EVENT HANDLER: registering 'filesystem/': ItemCollectionHandler [] []
[2017-05-01 18:48:50] kloudspeaker-cli.DEBUG: EVENT HANDLER: registering 'user/': ItemCollectionHandler [] []
[2017-05-01 18:48:50] kloudspeaker-cli.DEBUG: EVENT HANDLER: registering '*': NotificatorHandler [] []
[2017-05-01 18:48:50] kloudspeaker-cli.DEBUG: EVENT HANDLER: registering '*': EventLogger [] []
[2017-05-01 18:48:50] kloudspeaker-cli.DEBUG: EVENT HANDLER: registering 'filesystem/delete': HistoryManager [] []
[2017-05-01 18:48:50] kloudspeaker-cli.DEBUG: EVENT HANDLER: registering 'filesystem/': QuotaManager [] []
[2017-05-01 18:48:50] kloudspeaker-cli.DEBUG: EVENT HANDLER: registering 'registration/user_folder_created': QuotaManager [] []
[2017-05-01 18:48:50] kloudspeaker-cli.DEBUG: EVENT HANDLER: registering 'filesystem/': DownloadQuotaManager [] []
[2017-05-01 18:48:50] kloudspeaker-cli.DEBUG: EVENT HANDLER: registering 'user/remove-user': DownloadQuotaManager [] []
[2017-05-01 18:48:50] kloudspeaker-cli.DEBUG: EVENT HANDLER: registering 'folder/remove-folder': DownloadQuotaManager [] []
[2017-05-01 18:48:50] kloudspeaker-cli.DEBUG: EVENT HANDLER: registering 'filesystem/upload': MyPlugin [] []
[2017-05-01 18:48:50] kloudspeaker-cli.DEBUG: EVENT HANDLER: registering 'filesystem/': CommentHandler [] []
[2017-05-01 18:48:50] kloudspeaker-cli.DEBUG: EVENT HANDLER: registering 'filesystem/': ShareHandler [] []
[2017-05-01 18:48:50] kloudspeaker-cli.DEBUG: EVENT HANDLER: registering 'filesystem/': ItemCollectionHandler [] []
[2017-05-01 18:48:50] kloudspeaker-cli.DEBUG: EVENT HANDLER: registering 'user/': ItemCollectionHandler [] []
[2017-05-01 18:48:50] kloudspeaker-cli.DEBUG: EVENT HANDLER: registering '*': NotificatorHandler [] []
[2017-05-01 18:48:50] kloudspeaker-cli.DEBUG: EVENT HANDLER: registering '*': EventLogger [] []
[2017-05-01 18:48:50] kloudspeaker-cli.DEBUG: EVENT HANDLER: registering 'filesystem/delete': HistoryManager [] []
[2017-05-01 18:48:50] kloudspeaker-cli.DEBUG: EVENT HANDLER: registering 'filesystem/': QuotaManager [] []
[2017-05-01 18:48:50] kloudspeaker-cli.DEBUG: EVENT HANDLER: registering 'registration/user_folder_created': QuotaManager [] []
[2017-05-01 18:48:50] kloudspeaker-cli.DEBUG: EVENT HANDLER: registering 'filesystem/': DownloadQuotaManager [] []
[2017-05-01 18:48:50] kloudspeaker-cli.DEBUG: EVENT HANDLER: registering 'user/remove-user': DownloadQuotaManager [] []
[2017-05-01 18:48:50] kloudspeaker-cli.DEBUG: EVENT HANDLER: registering 'folder/remove-folder': DownloadQuotaManager [] []
[2017-05-01 18:48:50] kloudspeaker-cli.DEBUG: EVENT HANDLER: registering 'filesystem/upload': MyPlugin [] []
[2017-05-01 18:48:50] kloudspeaker-cli.DEBUG: =>{commands:{0:install, 1:a}, options:{}, flags:{}, arguments:{}} [] []
[2017-05-01 18:48:50] kloudspeaker-cli.INFO: Command [install] [] []
[2017-05-01 18:48:50] kloudspeaker-cli.INFO: INSTALLER [] []
[2017-05-01 18:48:50] kloudspeaker-cli.INFO: Checking database configuration... [] []
[2017-05-01 18:48:50] kloudspeaker-cli.INFO: Checking database connection... [] []
[2017-05-01 18:48:50] kloudspeaker-cli.INFO: Checking database tables... [] []
[2017-05-01 18:48:50] kloudspeaker-cli.INFO: Old installation exists, checking version [] []
[2017-05-01 18:48:50] kloudspeaker-cli.DEBUG: DB prepared statement: {"query":"SELECT name, value FROM parameter WHERE (name = ?)","bound":[{"field":"name","key":"name:0"}],"values":{"name:0":"version"},"types":[]} []
[2017-05-01 18:48:50] kloudspeaker-cli.INFO: Installed version: 2_7_28 [] []
[2017-05-01 18:48:50] kloudspeaker-cli.INFO: Result [1] [] []
[2017-05-01 18:52:59] kloudspeaker-cli.INFO: Kloudspeaker CLI [] []
[2017-05-01 18:52:59] kloudspeaker-cli.INFO: {version:3.0-dev, revision:3000} [] []
[2017-05-01 18:52:59] kloudspeaker-cli.DEBUG: Filesystem registered: local [] []
[2017-05-01 18:52:59] kloudspeaker-cli.DEBUG: EVENT HANDLER: registering 'filesystem/': FilesystemController [] []
[2017-05-01 18:52:59] kloudspeaker-cli.DEBUG: EVENT HANDLER: registering 'filesystem/': CommentHandler [] []
[2017-05-01 18:52:59] kloudspeaker-cli.DEBUG: EVENT HANDLER: registering 'filesystem/': ShareHandler [] []
[2017-05-01 18:52:59] kloudspeaker-cli.DEBUG: EVENT HANDLER: registering 'filesystem/': ItemCollectionHandler [] []
[2017-05-01 18:52:59] kloudspeaker-cli.DEBUG: EVENT HANDLER: registering 'user/': ItemCollectionHandler [] []
[2017-05-01 18:52:59] kloudspeaker-cli.DEBUG: EVENT HANDLER: registering '*': NotificatorHandler [] []
[2017-05-01 18:52:59] kloudspeaker-cli.DEBUG: EVENT HANDLER: registering '*': EventLogger [] []
[2017-05-01 18:52:59] kloudspeaker-cli.DEBUG: EVENT HANDLER: registering 'filesystem/delete': HistoryManager [] []
[2017-05-01 18:52:59] kloudspeaker-cli.DEBUG: EVENT HANDLER: registering 'filesystem/': QuotaManager [] []
[2017-05-01 18:52:59] kloudspeaker-cli.DEBUG: EVENT HANDLER: registering 'registration/user_folder_created': QuotaManager [] []
[2017-05-01 18:52:59] kloudspeaker-cli.DEBUG: EVENT HANDLER: registering 'filesystem/': DownloadQuotaManager [] []
[2017-05-01 18:52:59] kloudspeaker-cli.DEBUG: EVENT HANDLER: registering 'user/remove-user': DownloadQuotaManager [] []
[2017-05-01 18:52:59] kloudspeaker-cli.DEBUG: EVENT HANDLER: registering 'folder/remove-folder': DownloadQuotaManager [] []
[2017-05-01 18:52:59] kloudspeaker-cli.DEBUG: EVENT HANDLER: registering 'filesystem/upload': MyPlugin [] []
[2017-05-01 18:52:59] kloudspeaker-cli.DEBUG: EVENT HANDLER: registering 'filesystem/': CommentHandler [] []
[2017-05-01 18:52:59] kloudspeaker-cli.DEBUG: EVENT HANDLER: registering 'filesystem/': ShareHandler [] []
[2017-05-01 18:52:59] kloudspeaker-cli.DEBUG: EVENT HANDLER: registering 'filesystem/': ItemCollectionHandler [] []
[2017-05-01 18:52:59] kloudspeaker-cli.DEBUG: EVENT HANDLER: registering 'user/': ItemCollectionHandler [] []
[2017-05-01 18:52:59] kloudspeaker-cli.DEBUG: EVENT HANDLER: registering '*': NotificatorHandler [] []
[2017-05-01 18:52:59] kloudspeaker-cli.DEBUG: EVENT HANDLER: registering '*': EventLogger [] []
[2017-05-01 18:52:59] kloudspeaker-cli.DEBUG: EVENT HANDLER: registering 'filesystem/delete': HistoryManager [] []
[2017-05-01 18:52:59] kloudspeaker-cli.DEBUG: EVENT HANDLER: registering 'filesystem/': QuotaManager [] []
[2017-05-01 18:52:59] kloudspeaker-cli.DEBUG: EVENT HANDLER: registering 'registration/user_folder_created': QuotaManager [] []
[2017-05-01 18:52:59] kloudspeaker-cli.DEBUG: EVENT HANDLER: registering 'filesystem/': DownloadQuotaManager [] []
[2017-05-01 18:52:59] kloudspeaker-cli.DEBUG: EVENT HANDLER: registering 'user/remove-user': DownloadQuotaManager [] []
[2017-05-01 18:52:59] kloudspeaker-cli.DEBUG: EVENT HANDLER: registering 'folder/remove-folder': DownloadQuotaManager [] []
[2017-05-01 18:52:59] kloudspeaker-cli.DEBUG: EVENT HANDLER: registering 'filesystem/upload': MyPlugin [] []
[2017-05-01 18:52:59] kloudspeaker-cli.DEBUG: =>{commands:{0:install}, options:{}, flags:{}, arguments:{}} [] []
[2017-05-01 18:52:59] kloudspeaker-cli.INFO: Command [install] [] []
[2017-05-01 18:52:59] kloudspeaker-cli.INFO: INSTALLER [] []
[2017-05-01 18:52:59] kloudspeaker-cli.INFO: Checking database configuration... [] []
[2017-05-01 18:52:59] kloudspeaker-cli.INFO: Checking database connection... [] []
[2017-05-01 18:52:59] kloudspeaker-cli.INFO: Checking database tables... [] []
[2017-05-01 18:52:59] kloudspeaker-cli.INFO: Old installation exists, checking database version [] []
[2017-05-01 18:52:59] kloudspeaker-cli.DEBUG: DB prepared statement: {"query":"SELECT name, value FROM parameter WHERE (name = ?)","bound":[{"field":"name","key":"name:0"}],"values":{"name:0":"database"},"types":[]} []
[2017-05-01 18:52:59] kloudspeaker-cli.INFO: No database version found [] []
[2017-05-01 18:52:59] kloudspeaker-cli.DEBUG: DB prepared statement: {"query":"SELECT name, value FROM parameter WHERE (name = ?)","bound":[{"field":"name","key":"name:0"}],"values":{"name:0":"version"},"types":[]} []
[2017-05-01 18:52:59] kloudspeaker-cli.INFO: Migrating from version: 2_7_28 [] []
[2017-05-01 18:52:59] kloudspeaker-cli.INFO: Result [1] [] []
[2017-05-01 19:52:35] kloudspeaker-cli.INFO: Kloudspeaker CLI [] []
[2017-05-01 19:52:35] kloudspeaker-cli.INFO: {version:3.0-dev, revision:3000} [] []
[2017-05-01 19:52:35] kloudspeaker-cli.DEBUG: Filesystem registered: local [] []
[2017-05-01 19:52:35] kloudspeaker-cli.DEBUG: EVENT HANDLER: registering 'filesystem/': FilesystemController [] []
[2017-05-01 19:52:35] kloudspeaker-cli.DEBUG: EVENT HANDLER: registering 'filesystem/': CommentHandler [] []
[2017-05-01 19:52:35] kloudspeaker-cli.DEBUG: EVENT HANDLER: registering 'filesystem/': ShareHandler [] []
[2017-05-01 19:52:35] kloudspeaker-cli.DEBUG: EVENT HANDLER: registering 'filesystem/': ItemCollectionHandler [] []
[2017-05-01 19:52:35] kloudspeaker-cli.DEBUG: EVENT HANDLER: registering 'user/': ItemCollectionHandler [] []
[2017-05-01 19:52:35] kloudspeaker-cli.DEBUG: EVENT HANDLER: registering '*': NotificatorHandler [] []
[2017-05-01 19:52:35] kloudspeaker-cli.DEBUG: EVENT HANDLER: registering '*': EventLogger [] []
[2017-05-01 19:52:35] kloudspeaker-cli.DEBUG: EVENT HANDLER: registering 'filesystem/delete': HistoryManager [] []
[2017-05-01 19:52:35] kloudspeaker-cli.DEBUG: EVENT HANDLER: registering 'filesystem/': QuotaManager [] []
[2017-05-01 19:52:35] kloudspeaker-cli.DEBUG: EVENT HANDLER: registering 'registration/user_folder_created': QuotaManager [] []
[2017-05-01 19:52:35] kloudspeaker-cli.DEBUG: EVENT HANDLER: registering 'filesystem/': DownloadQuotaManager [] []
[2017-05-01 19:52:35] kloudspeaker-cli.DEBUG: EVENT HANDLER: registering 'user/remove-user': DownloadQuotaManager [] []
[2017-05-01 19:52:35] kloudspeaker-cli.DEBUG: EVENT HANDLER: registering 'folder/remove-folder': DownloadQuotaManager [] []
[2017-05-01 19:52:35] kloudspeaker-cli.DEBUG: EVENT HANDLER: registering 'filesystem/upload': MyPlugin [] []
[2017-05-01 19:52:35] kloudspeaker-cli.DEBUG: EVENT HANDLER: registering 'filesystem/': CommentHandler [] []
[2017-05-01 19:52:35] kloudspeaker-cli.DEBUG: EVENT HANDLER: registering 'filesystem/': ShareHandler [] []
[2017-05-01 19:52:35] kloudspeaker-cli.DEBUG: EVENT HANDLER: registering 'filesystem/': ItemCollectionHandler [] []
[2017-05-01 19:52:35] kloudspeaker-cli.DEBUG: EVENT HANDLER: registering 'user/': ItemCollectionHandler [] []
[2017-05-01 19:52:35] kloudspeaker-cli.DEBUG: EVENT HANDLER: registering '*': NotificatorHandler [] []
[2017-05-01 19:52:35] kloudspeaker-cli.DEBUG: EVENT HANDLER: registering '*': EventLogger [] []
[2017-05-01 19:52:35] kloudspeaker-cli.DEBUG: EVENT HANDLER: registering 'filesystem/delete': HistoryManager [] []
[2017-05-01 19:52:35] kloudspeaker-cli.DEBUG: EVENT HANDLER: registering 'filesystem/': QuotaManager [] []
[2017-05-01 19:52:35] kloudspeaker-cli.DEBUG: EVENT HANDLER: registering 'registration/user_folder_created': QuotaManager [] []
[2017-05-01 19:52:35] kloudspeaker-cli.DEBUG: EVENT HANDLER: registering 'filesystem/': DownloadQuotaManager [] []
[2017-05-01 19:52:35] kloudspeaker-cli.DEBUG: EVENT HANDLER: registering 'user/remove-user': DownloadQuotaManager [] []
[2017-05-01 19:52:35] kloudspeaker-cli.DEBUG: EVENT HANDLER: registering 'folder/remove-folder': DownloadQuotaManager [] []
[2017-05-01 19:52:35] kloudspeaker-cli.DEBUG: EVENT HANDLER: registering 'filesystem/upload': MyPlugin [] []
[2017-05-01 19:52:35] kloudspeaker-cli.DEBUG: =>{commands:{0:install}, options:{}, flags:{}, arguments:{}} [] []
[2017-05-01 19:52:35] kloudspeaker-cli.INFO: Command [install] [] []
[2017-05-01 19:52:35] kloudspeaker-cli.INFO: Running installer [] []
[2017-05-01 19:52:35] kloudspeaker-cli.INFO: Checking database configuration... [] []
[2017-05-01 19:52:35] kloudspeaker-cli.INFO: Checking database connection... [] []
[2017-05-01 19:52:35] kloudspeaker-cli.INFO: Checking database tables... [] []
[2017-05-01 19:52:35] kloudspeaker-cli.INFO: Old installation exists, checking database version [] []
[2017-05-01 19:52:35] kloudspeaker-cli.DEBUG: DB prepared statement: {"query":"SELECT name, value FROM parameter WHERE (name = ?)","bound":[{"field":"name","key":"name:0"}],"values":{"name:0":"database"},"types":[]} []
[2017-05-01 19:52:35] kloudspeaker-cli.INFO: No database version found [] []
[2017-05-01 19:52:35] kloudspeaker-cli.DEBUG: DB prepared statement: {"query":"SELECT name, value FROM parameter WHERE (name = ?)","bound":[{"field":"name","key":"name:0"}],"values":{"name:0":"version"},"types":[]} []
[2017-05-01 19:52:35] kloudspeaker-cli.INFO: Migrating from version: 2_7_28 [] []
[2017-05-01 19:52:35] kloudspeaker-cli.INFO: Result [1] [] []
[2017-05-01 19:52:55] kloudspeaker-cli.INFO: Kloudspeaker CLI [] []
[2017-05-01 19:52:55] kloudspeaker-cli.INFO: {version:3.0-dev, revision:3000} [] []
[2017-05-01 19:52:55] kloudspeaker-cli.INFO: Error: SQLSTATE[HY000] [1049] Unknown database 'kloudspeaker_n' [] []
[2017-05-01 19:52:55] kloudspeaker-cli.INFO: {0:{function:exception, class:Kloudspeaker\ErrorHandler, object:Kloudspeaker\ErrorHandler, type:->, args:{0:PDOException: SQLSTATE[HY000] [1049] Unknown database 'kloudspeaker_n' in /Users/cambba/projects/kloudspeaker/api/Kloudspeaker/Api.php:150 Stack trace: #0 /Users/cambba/projects/kloudspeaker/api/Kloudspeaker/Api.php(150): PDO->__construct('mysql:host=loca...', 'kloudspeaker', 'kloudspeaker') #1 /Users/cambba/projects/kloudspeaker/api/vendor/auto/pimple/pimple/src/Pimple/Container.php(113): Kloudspeaker\Api->Kloudspeaker\{closure}(Object(Slim\Container)) #2 /Users/cambba/projects/kloudspeaker/api/vendor/auto/slim/slim/Slim/Container.php(123): Pimple\Container->offsetGet('db') #3 /Users/cambba/projects/kloudspeaker/api/vendor/auto/slim/slim/Slim/Container.php(172): Slim\Container->get('db') #4 /Users/cambba/projects/kloudspeaker/api/Kloudspeaker/legacy/Legacy.php(82): Slim\Container->__get('db') #5 /Users/cambba/projects/kloudspeaker/api/Kloudspeaker/legacy/Legacy.php(41): LegacyEnvironment->__construct(Object(Slim\Container)) #6 /Users/cambba/projects/kloudspeaker/api/Kloudspeaker/Api.php(174): KloudspeakerLegacy->initialize(Object(Kloudspeaker\Api)) #7 /Users/cambba/projects/kloudspeaker/cli.php(76): Kloudspeaker\Api->initialize(Object(KloudspeakerLegacy), Array) #8 {main}}}} [] []
[2017-05-01 19:59:00] kloudspeaker-cli.INFO: Kloudspeaker CLI [] []
[2017-05-01 19:59:00] kloudspeaker-cli.INFO: {version:3.0-dev, revision:3000} [] []
[2017-05-01 19:59:00] kloudspeaker-cli.DEBUG: Filesystem registered: local [] []
[2017-05-01 19:59:00] kloudspeaker-cli.DEBUG: EVENT HANDLER: registering 'filesystem/': FilesystemController [] []
[2017-05-01 19:59:00] kloudspeaker-cli.INFO: Error: Call to a member function register() on null [] []
[2017-05-01 19:59:00] kloudspeaker-cli.INFO: {0:{function:exception, class:Kloudspeaker\ErrorHandler, object:Kloudspeaker\ErrorHandler, type:->, args:{0:Error: Call to a member function register() on null in /Users/cambba/projects/kloudspeaker/backend/include/filesystem/FilesystemCommands.class.php:20 Stack trace: #0 /Users/cambba/projects/kloudspeaker/backend/include/filesystem/FilesystemController.class.php(87): Kloudspeaker_FilesystemCommands->initialize() #1 /Users/cambba/projects/kloudspeaker/api/Kloudspeaker/legacy/Legacy.php(97): FilesystemController->initialize() #2 /Users/cambba/projects/kloudspeaker/api/Kloudspeaker/legacy/Legacy.php(41): LegacyEnvironment->__construct(Object(Slim\Container)) #3 /Users/cambba/projects/kloudspeaker/api/Kloudspeaker/Api.php(174): KloudspeakerLegacy->initialize(Object(Kloudspeaker\Api)) #4 /Users/cambba/projects/kloudspeaker/cli.php(76): Kloudspeaker\Api->initialize(Object(KloudspeakerLegacy), Array) #5 {main}}}} [] []
[2017-05-01 20:00:09] kloudspeaker-cli.INFO: Kloudspeaker CLI [] []
[2017-05-01 20:00:09] kloudspeaker-cli.INFO: {version:3.0-dev, revision:3000} [] []
[2017-05-01 20:00:09] kloudspeaker-cli.INFO: Error: SQLSTATE[HY000] [1049] Unknown database 'kloudspeaker_n' [] []
[2017-05-01 20:00:09] kloudspeaker-cli.INFO: {0:{function:exception, class:Kloudspeaker\ErrorHandler, object:Kloudspeaker\ErrorHandler, type:->, args:{0:PDOException: SQLSTATE[HY000] [1049] Unknown database 'kloudspeaker_n' in /Users/cambba/projects/kloudspeaker/api/Kloudspeaker/Api.php:150 Stack trace: #0 /Users/cambba/projects/kloudspeaker/api/Kloudspeaker/Api.php(150): PDO->__construct('mysql:host=loca...', 'kloudspeaker', 'kloudspeaker') #1 /Users/cambba/projects/kloudspeaker/api/vendor/auto/pimple/pimple/src/Pimple/Container.php(113): Kloudspeaker\Api->Kloudspeaker\{closure}(Object(Slim\Container)) #2 /Users/cambba/projects/kloudspeaker/api/vendor/auto/slim/slim/Slim/Container.php(123): Pimple\Container->offsetGet('db') #3 /Users/cambba/projects/kloudspeaker/api/vendor/auto/slim/slim/Slim/Container.php(172): Slim\Container->get('db') #4 /Users/cambba/projects/kloudspeaker/api/Kloudspeaker/Command/CommandManager.php(9): Slim\Container->__get('db') #5 /Users/cambba/projects/kloudspeaker/api/Kloudspeaker/Api.php(113): Kloudspeaker\Command\CommandManager->__construct(Object(Slim\Container)) #6 /Users/cambba/projects/kloudspeaker/api/vendor/auto/pimple/pimple/src/Pimple/Container.php(113): Kloudspeaker\Api->Kloudspeaker\{closure}(Object(Slim\Container)) #7 /Users/cambba/projects/kloudspeaker/api/vendor/auto/slim/slim/Slim/Container.php(123): Pimple\Container->offsetGet('commands') #8 /Users/cambba/projects/kloudspeaker/api/vendor/auto/slim/slim/Slim/Container.php(172): Slim\Container->get('commands') #9 /Users/cambba/projects/kloudspeaker/api/Kloudspeaker/legacy/Legacy.php(94): Slim\Container->__get('commands') #10 /Users/cambba/projects/kloudspeaker/api/Kloudspeaker/legacy/Legacy.php(41): LegacyEnvironment->__construct(Object(Slim\Container)) #11 /Users/cambba/projects/kloudspeaker/api/Kloudspeaker/Api.php(174): KloudspeakerLegacy->initialize(Object(Kloudspeaker\Api)) #12 /Users/cambba/projects/kloudspeaker/cli.php(76): Kloudspeaker\Api->initialize(Object(KloudspeakerLegacy), Array) #13 {main}}}} [] []
[2017-05-01 20:06:05] kloudspeaker-cli.INFO: Kloudspeaker CLI [] []
[2017-05-01 20:06:05] kloudspeaker-cli.INFO: {version:3.0-dev, revision:3000} [] []
[2017-05-01 20:06:05] kloudspeaker-cli.DEBUG: Filesystem registered: local [] []
[2017-05-01 20:06:05] kloudspeaker-cli.DEBUG: EVENT HANDLER: registering 'filesystem/': FilesystemController [] []
[2017-05-01 20:06:05] kloudspeaker-cli.DEBUG: EVENT HANDLER: registering 'filesystem/': CommentHandler [] []
[2017-05-01 20:06:05] kloudspeaker-cli.DEBUG: EVENT HANDLER: registering 'filesystem/': ShareHandler [] []
[2017-05-01 20:06:05] kloudspeaker-cli.DEBUG: EVENT HANDLER: registering 'filesystem/': ItemCollectionHandler [] []
[2017-05-01 20:06:05] kloudspeaker-cli.DEBUG: EVENT HANDLER: registering 'user/': ItemCollectionHandler [] []
[2017-05-01 20:06:05] kloudspeaker-cli.DEBUG: EVENT HANDLER: registering '*': NotificatorHandler [] []
[2017-05-01 20:06:05] kloudspeaker-cli.DEBUG: EVENT HANDLER: registering '*': EventLogger [] []
[2017-05-01 20:06:05] kloudspeaker-cli.DEBUG: EVENT HANDLER: registering 'filesystem/delete': HistoryManager [] []
[2017-05-01 20:06:05] kloudspeaker-cli.DEBUG: EVENT HANDLER: registering 'filesystem/': QuotaManager [] []
[2017-05-01 20:06:05] kloudspeaker-cli.DEBUG: EVENT HANDLER: registering 'registration/user_folder_created': QuotaManager [] []
[2017-05-01 20:06:05] kloudspeaker-cli.DEBUG: EVENT HANDLER: registering 'filesystem/': DownloadQuotaManager [] []
[2017-05-01 20:06:05] kloudspeaker-cli.DEBUG: EVENT HANDLER: registering 'user/remove-user': DownloadQuotaManager [] []
[2017-05-01 20:06:05] kloudspeaker-cli.DEBUG: EVENT HANDLER: registering 'folder/remove-folder': DownloadQuotaManager [] []
[2017-05-01 20:06:05] kloudspeaker-cli.DEBUG: EVENT HANDLER: registering 'filesystem/upload': MyPlugin [] []
[2017-05-01 20:06:05] kloudspeaker-cli.DEBUG: EVENT HANDLER: registering 'filesystem/': CommentHandler [] []
[2017-05-01 20:06:05] kloudspeaker-cli.DEBUG: EVENT HANDLER: registering 'filesystem/': ShareHandler [] []
[2017-05-01 20:06:05] kloudspeaker-cli.DEBUG: EVENT HANDLER: registering 'filesystem/': ItemCollectionHandler [] []
[2017-05-01 20:06:05] kloudspeaker-cli.DEBUG: EVENT HANDLER: registering 'user/': ItemCollectionHandler [] []
[2017-05-01 20:06:05] kloudspeaker-cli.DEBUG: EVENT HANDLER: registering '*': NotificatorHandler [] []
[2017-05-01 20:06:05] kloudspeaker-cli.DEBUG: EVENT HANDLER: registering '*': EventLogger [] []
[2017-05-01 20:06:05] kloudspeaker-cli.DEBUG: EVENT HANDLER: registering 'filesystem/delete': HistoryManager [] []
[2017-05-01 20:06:05] kloudspeaker-cli.DEBUG: EVENT HANDLER: registering 'filesystem/': QuotaManager [] []
[2017-05-01 20:06:05] kloudspeaker-cli.DEBUG: EVENT HANDLER: registering 'registration/user_folder_created': QuotaManager [] []
[2017-05-01 20:06:05] kloudspeaker-cli.DEBUG: EVENT HANDLER: registering 'filesystem/': DownloadQuotaManager [] []
[2017-05-01 20:06:05] kloudspeaker-cli.DEBUG: EVENT HANDLER: registering 'user/remove-user': DownloadQuotaManager [] []
[2017-05-01 20:06:05] kloudspeaker-cli.DEBUG: EVENT HANDLER: registering 'folder/remove-folder': DownloadQuotaManager [] []
[2017-05-01 20:06:05] kloudspeaker-cli.DEBUG: EVENT HANDLER: registering 'filesystem/upload': MyPlugin [] []
[2017-05-01 20:06:05] kloudspeaker-cli.DEBUG: =>{commands:{0:install}, options:{}, flags:{}, arguments:{}} [] []
[2017-05-01 20:06:05] kloudspeaker-cli.INFO: Command [install] [] []
[2017-05-01 20:06:05] kloudspeaker-cli.INFO: Running installer [] []
[2017-05-01 20:06:05] kloudspeaker-cli.INFO: Checking database configuration... [] []
[2017-05-01 20:06:05] kloudspeaker-cli.INFO: Checking database connection... [] []
[2017-05-01 20:06:05] kloudspeaker-cli.INFO: Error: SQLSTATE[HY000] [1049] Unknown database 'kloudspeaker_n' [] []
[2017-05-01 20:06:05] kloudspeaker-cli.INFO: {0:{function:exception, class:Kloudspeaker\ErrorHandler, object:Kloudspeaker\ErrorHandler, type:->, args:{0:PDOException: SQLSTATE[HY000] [1049] Unknown database 'kloudspeaker_n' in /Users/cambba/projects/kloudspeaker/api/Setup/Installer.php:27 Stack trace: #0 /Users/cambba/projects/kloudspeaker/api/Setup/Installer.php(27): PDO->__construct('mysql:host=loca...', 'kloudspeaker', 'kloudspeaker', Array) #1 [internal function]: Kloudspeaker\Setup\Installer->cmdInstall(Array) #2 /Users/cambba/projects/kloudspeaker/api/Kloudspeaker/Command/CommandManager.php(31): call_user_func_array(Array, Array) #3 /Users/cambba/projects/kloudspeaker/cli.php(105): Kloudspeaker\Command\CommandManager->execute('install', Array, Object(Closure)) #4 {main}}}} [] []
[2017-05-01 20:07:17] kloudspeaker-cli.INFO: Kloudspeaker CLI [] []
[2017-05-01 20:07:17] kloudspeaker-cli.INFO: {version:3.0-dev, revision:3000} [] []
[2017-05-01 20:07:17] kloudspeaker-cli.DEBUG: Filesystem registered: local [] []
[2017-05-01 20:07:17] kloudspeaker-cli.DEBUG: EVENT HANDLER: registering 'filesystem/': FilesystemController [] []
[2017-05-01 20:07:17] kloudspeaker-cli.DEBUG: EVENT HANDLER: registering 'filesystem/': CommentHandler [] []
[2017-05-01 20:07:17] kloudspeaker-cli.DEBUG: EVENT HANDLER: registering 'filesystem/': ShareHandler [] []
[2017-05-01 20:07:17] kloudspeaker-cli.DEBUG: EVENT HANDLER: registering 'filesystem/': ItemCollectionHandler [] []
[2017-05-01 20:07:17] kloudspeaker-cli.DEBUG: EVENT HANDLER: registering 'user/': ItemCollectionHandler [] []
[2017-05-01 20:07:17] kloudspeaker-cli.DEBUG: EVENT HANDLER: registering '*': NotificatorHandler [] []
[2017-05-01 20:07:17] kloudspeaker-cli.DEBUG: EVENT HANDLER: registering '*': EventLogger [] []
[2017-05-01 20:07:17] kloudspeaker-cli.DEBUG: EVENT HANDLER: registering 'filesystem/delete': HistoryManager [] []
[2017-05-01 20:07:17] kloudspeaker-cli.DEBUG: EVENT HANDLER: registering 'filesystem/': QuotaManager [] []
[2017-05-01 20:07:17] kloudspeaker-cli.DEBUG: EVENT HANDLER: registering 'registration/user_folder_created': QuotaManager [] []
[2017-05-01 20:07:17] kloudspeaker-cli.DEBUG: EVENT HANDLER: registering 'filesystem/': DownloadQuotaManager [] []
[2017-05-01 20:07:17] kloudspeaker-cli.DEBUG: EVENT HANDLER: registering 'user/remove-user': DownloadQuotaManager [] []
[2017-05-01 20:07:17] kloudspeaker-cli.DEBUG: EVENT HANDLER: registering 'folder/remove-folder': DownloadQuotaManager [] []
[2017-05-01 20:07:17] kloudspeaker-cli.DEBUG: EVENT HANDLER: registering 'filesystem/upload': MyPlugin [] []
[2017-05-01 20:07:17] kloudspeaker-cli.DEBUG: EVENT HANDLER: registering 'filesystem/': CommentHandler [] []
[2017-05-01 20:07:17] kloudspeaker-cli.DEBUG: EVENT HANDLER: registering 'filesystem/': ShareHandler [] []
[2017-05-01 20:07:17] kloudspeaker-cli.DEBUG: EVENT HANDLER: registering 'filesystem/': ItemCollectionHandler [] []
[2017-05-01 20:07:17] kloudspeaker-cli.DEBUG: EVENT HANDLER: registering 'user/': ItemCollectionHandler [] []
[2017-05-01 20:07:17] kloudspeaker-cli.DEBUG: EVENT HANDLER: registering '*': NotificatorHandler [] []
[2017-05-01 20:07:17] kloudspeaker-cli.DEBUG: EVENT HANDLER: registering '*': EventLogger [] []
[2017-05-01 20:07:17] kloudspeaker-cli.DEBUG: EVENT HANDLER: registering 'filesystem/delete': HistoryManager [] []
[2017-05-01 20:07:17] kloudspeaker-cli.DEBUG: EVENT HANDLER: registering 'filesystem/': QuotaManager [] []
[2017-05-01 20:07:17] kloudspeaker-cli.DEBUG: EVENT HANDLER: registering 'registration/user_folder_created': QuotaManager [] []
[2017-05-01 20:07:17] kloudspeaker-cli.DEBUG: EVENT HANDLER: registering 'filesystem/': DownloadQuotaManager [] []
[2017-05-01 20:07:17] kloudspeaker-cli.DEBUG: EVENT HANDLER: registering 'user/remove-user': DownloadQuotaManager [] []
[2017-05-01 20:07:17] kloudspeaker-cli.DEBUG: EVENT HANDLER: registering 'folder/remove-folder': DownloadQuotaManager [] []
[2017-05-01 20:07:17] kloudspeaker-cli.DEBUG: EVENT HANDLER: registering 'filesystem/upload': MyPlugin [] []
[2017-05-01 20:07:17] kloudspeaker-cli.DEBUG: =>{commands:{0:install}, options:{}, flags:{}, arguments:{}} [] []
[2017-05-01 20:07:17] kloudspeaker-cli.INFO: Command [install] [] []
[2017-05-01 20:07:17] kloudspeaker-cli.INFO: Running installer [] []
[2017-05-01 20:07:17] kloudspeaker-cli.INFO: Checking database configuration... [] []
[2017-05-01 20:07:17] kloudspeaker-cli.INFO: Checking database connection... [] []
[2017-05-01 20:07:17] kloudspeaker-cli.INFO: Error: SQLSTATE[HY000] [1049] Unknown database 'kloudspeaker_n' [] []
[2017-05-01 20:07:17] kloudspeaker-cli.INFO: {0:{function:exception, class:Kloudspeaker\ErrorHandler, object:Kloudspeaker\ErrorHandler, type:->, args:{0:PDOException: SQLSTATE[HY000] [1049] Unknown database 'kloudspeaker_n' in /Users/cambba/projects/kloudspeaker/api/Setup/Installer.php:27 Stack trace: #0 /Users/cambba/projects/kloudspeaker/api/Setup/Installer.php(27): PDO->__construct('mysql:host=loca...', 'kloudspeaker', 'kloudspeaker', Array) #1 [internal function]: Kloudspeaker\Setup\Installer->cmdInstall(Array) #2 /Users/cambba/projects/kloudspeaker/api/Kloudspeaker/Command/CommandManager.php(31): call_user_func_array(Array, Array) #3 /Users/cambba/projects/kloudspeaker/cli.php(105): Kloudspeaker\Command\CommandManager->execute('install', Array, Object(Closure)) #4 {main}}}} [] []
[2017-05-01 20:07:43] kloudspeaker-cli.INFO: Kloudspeaker CLI [] []
[2017-05-01 20:07:43] kloudspeaker-cli.INFO: {version:3.0-dev, revision:3000} [] []
[2017-05-01 20:07:43] kloudspeaker-cli.DEBUG: Filesystem registered: local [] []
[2017-05-01 20:07:43] kloudspeaker-cli.DEBUG: EVENT HANDLER: registering 'filesystem/': FilesystemController [] []
[2017-05-01 20:07:43] kloudspeaker-cli.DEBUG: EVENT HANDLER: registering 'filesystem/': CommentHandler [] []
[2017-05-01 20:07:43] kloudspeaker-cli.DEBUG: EVENT HANDLER: registering 'filesystem/': ShareHandler [] []
[2017-05-01 20:07:43] kloudspeaker-cli.DEBUG: EVENT HANDLER: registering 'filesystem/': ItemCollectionHandler [] []
[2017-05-01 20:07:43] kloudspeaker-cli.DEBUG: EVENT HANDLER: registering 'user/': ItemCollectionHandler [] []
[2017-05-01 20:07:43] kloudspeaker-cli.DEBUG: EVENT HANDLER: registering '*': NotificatorHandler [] []
[2017-05-01 20:07:43] kloudspeaker-cli.DEBUG: EVENT HANDLER: registering '*': EventLogger [] []
[2017-05-01 20:07:43] kloudspeaker-cli.DEBUG: EVENT HANDLER: registering 'filesystem/delete': HistoryManager [] []
[2017-05-01 20:07:43] kloudspeaker-cli.DEBUG: EVENT HANDLER: registering 'filesystem/': QuotaManager [] []
[2017-05-01 20:07:43] kloudspeaker-cli.DEBUG: EVENT HANDLER: registering 'registration/user_folder_created': QuotaManager [] []
[2017-05-01 20:07:43] kloudspeaker-cli.DEBUG: EVENT HANDLER: registering 'filesystem/': DownloadQuotaManager [] []
[2017-05-01 20:07:43] kloudspeaker-cli.DEBUG: EVENT HANDLER: registering 'user/remove-user': DownloadQuotaManager [] []
[2017-05-01 20:07:43] kloudspeaker-cli.DEBUG: EVENT HANDLER: registering 'folder/remove-folder': DownloadQuotaManager [] []
[2017-05-01 20:07:43] kloudspeaker-cli.DEBUG: EVENT HANDLER: registering 'filesystem/upload': MyPlugin [] []
[2017-05-01 20:07:43] kloudspeaker-cli.DEBUG: EVENT HANDLER: registering 'filesystem/': CommentHandler [] []
[2017-05-01 20:07:43] kloudspeaker-cli.DEBUG: EVENT HANDLER: registering 'filesystem/': ShareHandler [] []
[2017-05-01 20:07:43] kloudspeaker-cli.DEBUG: EVENT HANDLER: registering 'filesystem/': ItemCollectionHandler [] []
[2017-05-01 20:07:43] kloudspeaker-cli.DEBUG: EVENT HANDLER: registering 'user/': ItemCollectionHandler [] []
[2017-05-01 20:07:43] kloudspeaker-cli.DEBUG: EVENT HANDLER: registering '*': NotificatorHandler [] []
[2017-05-01 20:07:43] kloudspeaker-cli.DEBUG: EVENT HANDLER: registering '*': EventLogger [] []
[2017-05-01 20:07:43] kloudspeaker-cli.DEBUG: EVENT HANDLER: registering 'filesystem/delete': HistoryManager [] []
[2017-05-01 20:07:43] kloudspeaker-cli.DEBUG: EVENT HANDLER: registering 'filesystem/': QuotaManager [] []
[2017-05-01 20:07:43] kloudspeaker-cli.DEBUG: EVENT HANDLER: registering 'registration/user_folder_created': QuotaManager [] []
[2017-05-01 20:07:43] kloudspeaker-cli.DEBUG: EVENT HANDLER: registering 'filesystem/': DownloadQuotaManager [] []
[2017-05-01 20:07:43] kloudspeaker-cli.DEBUG: EVENT HANDLER: registering 'user/remove-user': DownloadQuotaManager [] []
[2017-05-01 20:07:43] kloudspeaker-cli.DEBUG: EVENT HANDLER: registering 'folder/remove-folder': DownloadQuotaManager [] []
[2017-05-01 20:07:43] kloudspeaker-cli.DEBUG: EVENT HANDLER: registering 'filesystem/upload': MyPlugin [] []
[2017-05-01 20:07:43] kloudspeaker-cli.DEBUG: =>{commands:{0:install}, options:{}, flags:{}, arguments:{}} [] []
[2017-05-01 20:07:43] kloudspeaker-cli.INFO: Command [install] [] []
[2017-05-01 20:07:43] kloudspeaker-cli.INFO: Running installer [] []
[2017-05-01 20:07:43] kloudspeaker-cli.INFO: Checking database configuration... [] []
[2017-05-01 20:07:43] kloudspeaker-cli.INFO: Checking database connection... [] []
[2017-05-01 20:07:43] kloudspeaker-cli.ERROR: Cannot connect to database: SQLSTATE[HY000] [1049] Unknown database 'kloudspeaker_n' [] []
[2017-05-01 20:07:43] kloudspeaker-cli.INFO: Result [] [] []
[2017-05-01 20:20:34] kloudspeaker-cli.INFO: Kloudspeaker CLI [] []
[2017-05-01 20:20:34] kloudspeaker-cli.INFO: {version:3.0-dev, revision:3000} [] []
[2017-05-01 20:20:34] kloudspeaker-cli.DEBUG: Filesystem registered: local [] []
[2017-05-01 20:20:34] kloudspeaker-cli.DEBUG: EVENT HANDLER: registering 'filesystem/': FilesystemController [] []
[2017-05-01 20:20:34] kloudspeaker-cli.DEBUG: EVENT HANDLER: registering 'filesystem/': CommentHandler [] []
[2017-05-01 20:20:34] kloudspeaker-cli.DEBUG: EVENT HANDLER: registering 'filesystem/': ShareHandler [] []
[2017-05-01 20:20:34] kloudspeaker-cli.DEBUG: EVENT HANDLER: registering 'filesystem/': ItemCollectionHandler [] []
[2017-05-01 20:20:34] kloudspeaker-cli.DEBUG: EVENT HANDLER: registering 'user/': ItemCollectionHandler [] []
[2017-05-01 20:20:34] kloudspeaker-cli.DEBUG: EVENT HANDLER: registering '*': NotificatorHandler [] []
[2017-05-01 20:20:34] kloudspeaker-cli.DEBUG: EVENT HANDLER: registering '*': EventLogger [] []
[2017-05-01 20:20:34] kloudspeaker-cli.DEBUG: EVENT HANDLER: registering 'filesystem/delete': HistoryManager [] []
[2017-05-01 20:20:34] kloudspeaker-cli.DEBUG: EVENT HANDLER: registering 'filesystem/': QuotaManager [] []
[2017-05-01 20:20:34] kloudspeaker-cli.DEBUG: EVENT HANDLER: registering 'registration/user_folder_created': QuotaManager [] []
[2017-05-01 20:20:34] kloudspeaker-cli.DEBUG: EVENT HANDLER: registering 'filesystem/': DownloadQuotaManager [] []
[2017-05-01 20:20:34] kloudspeaker-cli.DEBUG: EVENT HANDLER: registering 'user/remove-user': DownloadQuotaManager [] []
[2017-05-01 20:20:34] kloudspeaker-cli.DEBUG: EVENT HANDLER: registering 'folder/remove-folder': DownloadQuotaManager [] []
[2017-05-01 20:20:34] kloudspeaker-cli.DEBUG: EVENT HANDLER: registering 'filesystem/upload': MyPlugin [] []
[2017-05-01 20:20:34] kloudspeaker-cli.DEBUG: EVENT HANDLER: registering 'filesystem/': CommentHandler [] []
[2017-05-01 20:20:34] kloudspeaker-cli.DEBUG: EVENT HANDLER: registering 'filesystem/': ShareHandler [] []
[2017-05-01 20:20:34] kloudspeaker-cli.DEBUG: EVENT HANDLER: registering 'filesystem/': ItemCollectionHandler [] []
[2017-05-01 20:20:34] kloudspeaker-cli.DEBUG: EVENT HANDLER: registering 'user/': ItemCollectionHandler [] []
[2017-05-01 20:20:34] kloudspeaker-cli.DEBUG: EVENT HANDLER: registering '*': NotificatorHandler [] []
[2017-05-01 20:20:34] kloudspeaker-cli.DEBUG: EVENT HANDLER: registering '*': EventLogger [] []
[2017-05-01 20:20:34] kloudspeaker-cli.DEBUG: EVENT HANDLER: registering 'filesystem/delete': HistoryManager [] []
[2017-05-01 20:20:34] kloudspeaker-cli.DEBUG: EVENT HANDLER: registering 'filesystem/': QuotaManager [] []
[2017-05-01 20:20:34] kloudspeaker-cli.DEBUG: EVENT HANDLER: registering 'registration/user_folder_created': QuotaManager [] []
[2017-05-01 20:20:34] kloudspeaker-cli.DEBUG: EVENT HANDLER: registering 'filesystem/': DownloadQuotaManager [] []
[2017-05-01 20:20:34] kloudspeaker-cli.DEBUG: EVENT HANDLER: registering 'user/remove-user': DownloadQuotaManager [] []
[2017-05-01 20:20:34] kloudspeaker-cli.DEBUG: EVENT HANDLER: registering 'folder/remove-folder': DownloadQuotaManager [] []
[2017-05-01 20:20:34] kloudspeaker-cli.DEBUG: EVENT HANDLER: registering 'filesystem/upload': MyPlugin [] []
[2017-05-01 20:20:34] kloudspeaker-cli.DEBUG: =>{commands:{0:install}, options:{}, flags:{}, arguments:{}} [] []
[2017-05-01 20:20:34] kloudspeaker-cli.INFO: Command [install] [] []
[2017-05-01 20:20:34] kloudspeaker-cli.INFO: Running installer [] []
[2017-05-01 20:20:34] kloudspeaker-cli.INFO: Checking database configuration... [] []
[2017-05-01 20:20:34] kloudspeaker-cli.INFO: Checking database connection... [] []
[2017-05-01 20:20:34] kloudspeaker-cli.ERROR: Cannot connect to database: SQLSTATE[HY000] [1049] Unknown database 'kloudspeaker_n' [] []
[2017-05-01 20:20:34] kloudspeaker-cli.INFO: Result [] [] []
